{
  service: 'user-service',
  errors: {
    status: ValidatorError: Path `status` is required.
        at validate (C:\Users\duckp\OneDrive\桌面\fullstack project\anime-hub\server\node_modules\mongoose\lib\schemaType.js:1385:13)
        at SchemaString.SchemaType.doValidate (C:\Users\duckp\OneDrive\桌面\fullstack project\anime-hub\server\node_modules\mongoose\lib\schemaType.js:1369:7)
        at C:\Users\duckp\OneDrive\桌面\fullstack project\anime-hub\server\node_modules\mongoose\lib\document.js:3065:18
        at processTicksAndRejections (node:internal/process/task_queues:77:11) {
      properties: {
        validator: [Function (anonymous)],
        message: 'Path `status` is required.',
        type: 'required',
        path: 'status',
        fullPath: undefined,
        value: ''
      },
      kind: 'required',
      path: 'status',
      value: '',
      reason: undefined,
      [Symbol(mongoose#validatorError)]: true
    }
  },
  _message: 'userAnimeList validation failed',
  level: 'error',
  message: 'userAnimeList validation failed: status: Path `status` is required. userAnimeList validation failed: status: Path `status` is required.',
  stack: 'ValidationError: userAnimeList validation failed: status: Path `status` is required.\n' +
    '    at model.Document.invalidate (C:\\Users\\duckp\\OneDrive\\桌面\\fullstack project\\anime-hub\\server\\node_modules\\mongoose\\lib\\document.js:3312:32)\n' +
    '    at C:\\Users\\duckp\\OneDrive\\桌面\\fullstack project\\anime-hub\\server\\node_modules\\mongoose\\lib\\document.js:3073:17\n' +
    '    at C:\\Users\\duckp\\OneDrive\\桌面\\fullstack project\\anime-hub\\server\\node_modules\\mongoose\\lib\\schemaType.js:1388:9\n' +
    '    at processTicksAndRejections (node:internal/process/task_queues:77:11)',
  timestamp: '2024-09-25T11:24:02.713Z'
}
{
  service: 'user-service',
  level: 'error',
  message: 'Test error Test error',
  stack: 'Error: Test error\n' +
    '    at C:\\Users\\duckp\\OneDrive\\桌面\\fullstack project\\anime-hub\\server\\src\\router\\tests.ts:5:9\n' +
    '    at newFn (C:\\Users\\duckp\\OneDrive\\桌面\\fullstack project\\anime-hub\\server\\node_modules\\express-async-errors\\index.js:16:20)\n' +
    '    at Layer.handle [as handle_request] (C:\\Users\\duckp\\OneDrive\\桌面\\fullstack project\\anime-hub\\server\\node_modules\\express\\lib\\router\\layer.js:95:5)\n' +
    '    at next (C:\\Users\\duckp\\OneDrive\\桌面\\fullstack project\\anime-hub\\server\\node_modules\\express\\lib\\router\\route.js:149:13)\n' +
    '    at Route.dispatch (C:\\Users\\duckp\\OneDrive\\桌面\\fullstack project\\anime-hub\\server\\node_modules\\express\\lib\\router\\route.js:119:3)\n' +
    '    at newFn (C:\\Users\\duckp\\OneDrive\\桌面\\fullstack project\\anime-hub\\server\\node_modules\\express-async-errors\\index.js:16:20)\n' +
    '    at Layer.handle [as handle_request] (C:\\Users\\duckp\\OneDrive\\桌面\\fullstack project\\anime-hub\\server\\node_modules\\express\\lib\\router\\layer.js:95:5)\n' +
    '    at C:\\Users\\duckp\\OneDrive\\桌面\\fullstack project\\anime-hub\\server\\node_modules\\express\\lib\\router\\index.js:284:15\n' +
    '    at Function.process_params (C:\\Users\\duckp\\OneDrive\\桌面\\fullstack project\\anime-hub\\server\\node_modules\\express\\lib\\router\\index.js:346:12)\n' +
    '    at next (C:\\Users\\duckp\\OneDrive\\桌面\\fullstack project\\anime-hub\\server\\node_modules\\express\\lib\\router\\index.js:280:10)\n' +
    '    at Function.handle (C:\\Users\\duckp\\OneDrive\\桌面\\fullstack project\\anime-hub\\server\\node_modules\\express\\lib\\router\\index.js:175:3)\n' +
    '    at router (C:\\Users\\duckp\\OneDrive\\桌面\\fullstack project\\anime-hub\\server\\node_modules\\express\\lib\\router\\index.js:47:12)\n' +
    '    at newFn (C:\\Users\\duckp\\OneDrive\\桌面\\fullstack project\\anime-hub\\server\\node_modules\\express-async-errors\\index.js:16:20)\n' +
    '    at Layer.handle [as handle_request] (C:\\Users\\duckp\\OneDrive\\桌面\\fullstack project\\anime-hub\\server\\node_modules\\express\\lib\\router\\layer.js:95:5)\n' +
    '    at trim_prefix (C:\\Users\\duckp\\OneDrive\\桌面\\fullstack project\\anime-hub\\server\\node_modules\\express\\lib\\router\\index.js:328:13)\n' +
    '    at C:\\Users\\duckp\\OneDrive\\桌面\\fullstack project\\anime-hub\\server\\node_modules\\express\\lib\\router\\index.js:286:9\n' +
    '    at Function.process_params (C:\\Users\\duckp\\OneDrive\\桌面\\fullstack project\\anime-hub\\server\\node_modules\\express\\lib\\router\\index.js:346:12)\n' +
    '    at next (C:\\Users\\duckp\\OneDrive\\桌面\\fullstack project\\anime-hub\\server\\node_modules\\express\\lib\\router\\index.js:280:10)\n' +
    '    at jsonParser (C:\\Users\\duckp\\OneDrive\\桌面\\fullstack project\\anime-hub\\server\\node_modules\\body-parser\\lib\\types\\json.js:113:7)\n' +
    '    at newFn (C:\\Users\\duckp\\OneDrive\\桌面\\fullstack project\\anime-hub\\server\\node_modules\\express-async-errors\\index.js:16:20)\n' +
    '    at Layer.handle [as handle_request] (C:\\Users\\duckp\\OneDrive\\桌面\\fullstack project\\anime-hub\\server\\node_modules\\express\\lib\\router\\layer.js:95:5)\n' +
    '    at trim_prefix (C:\\Users\\duckp\\OneDrive\\桌面\\fullstack project\\anime-hub\\server\\node_modules\\express\\lib\\router\\index.js:328:13)\n' +
    '    at C:\\Users\\duckp\\OneDrive\\桌面\\fullstack project\\anime-hub\\server\\node_modules\\express\\lib\\router\\index.js:286:9\n' +
    '    at Function.process_params (C:\\Users\\duckp\\OneDrive\\桌面\\fullstack project\\anime-hub\\server\\node_modules\\express\\lib\\router\\index.js:346:12)\n' +
    '    at next (C:\\Users\\duckp\\OneDrive\\桌面\\fullstack project\\anime-hub\\server\\node_modules\\express\\lib\\router\\index.js:280:10)\n' +
    '    at session (C:\\Users\\duckp\\OneDrive\\桌面\\fullstack project\\anime-hub\\server\\node_modules\\express-session\\index.js:487:7)\n' +
    '    at newFn (C:\\Users\\duckp\\OneDrive\\桌面\\fullstack project\\anime-hub\\server\\node_modules\\express-async-errors\\index.js:16:20)\n' +
    '    at Layer.handle [as handle_request] (C:\\Users\\duckp\\OneDrive\\桌面\\fullstack project\\anime-hub\\server\\node_modules\\express\\lib\\router\\layer.js:95:5)\n' +
    '    at trim_prefix (C:\\Users\\duckp\\OneDrive\\桌面\\fullstack project\\anime-hub\\server\\node_modules\\express\\lib\\router\\index.js:328:13)\n' +
    '    at C:\\Users\\duckp\\OneDrive\\桌面\\fullstack project\\anime-hub\\server\\node_modules\\express\\lib\\router\\index.js:286:9\n' +
    '    at Function.process_params (C:\\Users\\duckp\\OneDrive\\桌面\\fullstack project\\anime-hub\\server\\node_modules\\express\\lib\\router\\index.js:346:12)\n' +
    '    at next (C:\\Users\\duckp\\OneDrive\\桌面\\fullstack project\\anime-hub\\server\\node_modules\\express\\lib\\router\\index.js:280:10)\n' +
    '    at cors (C:\\Users\\duckp\\OneDrive\\桌面\\fullstack project\\anime-hub\\server\\node_modules\\cors\\lib\\index.js:188:7)\n' +
    '    at C:\\Users\\duckp\\OneDrive\\桌面\\fullstack project\\anime-hub\\server\\node_modules\\cors\\lib\\index.js:224:17\n' +
    '    at originCallback (C:\\Users\\duckp\\OneDrive\\桌面\\fullstack project\\anime-hub\\server\\node_modules\\cors\\lib\\index.js:214:15)\n' +
    '    at C:\\Users\\duckp\\OneDrive\\桌面\\fullstack project\\anime-hub\\server\\node_modules\\cors\\lib\\index.js:219:13\n' +
    '    at optionsCallback (C:\\Users\\duckp\\OneDrive\\桌面\\fullstack project\\anime-hub\\server\\node_modules\\cors\\lib\\index.js:199:9)\n' +
    '    at corsMiddleware (C:\\Users\\duckp\\OneDrive\\桌面\\fullstack project\\anime-hub\\server\\node_modules\\cors\\lib\\index.js:204:7)\n' +
    '    at newFn (C:\\Users\\duckp\\OneDrive\\桌面\\fullstack project\\anime-hub\\server\\node_modules\\express-async-errors\\index.js:16:20)\n' +
    '    at Layer.handle [as handle_request] (C:\\Users\\duckp\\OneDrive\\桌面\\fullstack project\\anime-hub\\server\\node_modules\\express\\lib\\router\\layer.js:95:5)\n' +
    '    at trim_prefix (C:\\Users\\duckp\\OneDrive\\桌面\\fullstack project\\anime-hub\\server\\node_modules\\express\\lib\\router\\index.js:328:13)\n' +
    '    at C:\\Users\\duckp\\OneDrive\\桌面\\fullstack project\\anime-hub\\server\\node_modules\\express\\lib\\router\\index.js:286:9\n' +
    '    at Function.process_params (C:\\Users\\duckp\\OneDrive\\桌面\\fullstack project\\anime-hub\\server\\node_modules\\express\\lib\\router\\index.js:346:12)\n' +
    '    at next (C:\\Users\\duckp\\OneDrive\\桌面\\fullstack project\\anime-hub\\server\\node_modules\\express\\lib\\router\\index.js:280:10)\n' +
    '    at expressInit (C:\\Users\\duckp\\OneDrive\\桌面\\fullstack project\\anime-hub\\server\\node_modules\\express\\lib\\middleware\\init.js:40:5)\n' +
    '    at newFn (C:\\Users\\duckp\\OneDrive\\桌面\\fullstack project\\anime-hub\\server\\node_modules\\express-async-errors\\index.js:16:20)\n' +
    '    at Layer.handle [as handle_request] (C:\\Users\\duckp\\OneDrive\\桌面\\fullstack project\\anime-hub\\server\\node_modules\\express\\lib\\router\\layer.js:95:5)\n' +
    '    at trim_prefix (C:\\Users\\duckp\\OneDrive\\桌面\\fullstack project\\anime-hub\\server\\node_modules\\express\\lib\\router\\index.js:328:13)\n' +
    '    at C:\\Users\\duckp\\OneDrive\\桌面\\fullstack project\\anime-hub\\server\\node_modules\\express\\lib\\router\\index.js:286:9\n' +
    '    at Function.process_params (C:\\Users\\duckp\\OneDrive\\桌面\\fullstack project\\anime-hub\\server\\node_modules\\express\\lib\\router\\index.js:346:12)\n' +
    '    at next (C:\\Users\\duckp\\OneDrive\\桌面\\fullstack project\\anime-hub\\server\\node_modules\\express\\lib\\router\\index.js:280:10)\n' +
    '    at query (C:\\Users\\duckp\\OneDrive\\桌面\\fullstack project\\anime-hub\\server\\node_modules\\express\\lib\\middleware\\query.js:45:5)\n' +
    '    at newFn (C:\\Users\\duckp\\OneDrive\\桌面\\fullstack project\\anime-hub\\server\\node_modules\\express-async-errors\\index.js:16:20)\n' +
    '    at Layer.handle [as handle_request] (C:\\Users\\duckp\\OneDrive\\桌面\\fullstack project\\anime-hub\\server\\node_modules\\express\\lib\\router\\layer.js:95:5)\n' +
    '    at trim_prefix (C:\\Users\\duckp\\OneDrive\\桌面\\fullstack project\\anime-hub\\server\\node_modules\\express\\lib\\router\\index.js:328:13)\n' +
    '    at C:\\Users\\duckp\\OneDrive\\桌面\\fullstack project\\anime-hub\\server\\node_modules\\express\\lib\\router\\index.js:286:9\n' +
    '    at Function.process_params (C:\\Users\\duckp\\OneDrive\\桌面\\fullstack project\\anime-hub\\server\\node_modules\\express\\lib\\router\\index.js:346:12)\n' +
    '    at next (C:\\Users\\duckp\\OneDrive\\桌面\\fullstack project\\anime-hub\\server\\node_modules\\express\\lib\\router\\index.js:280:10)\n' +
    '    at Function.handle (C:\\Users\\duckp\\OneDrive\\桌面\\fullstack project\\anime-hub\\server\\node_modules\\express\\lib\\router\\index.js:175:3)\n' +
    '    at Function.handle (C:\\Users\\duckp\\OneDrive\\桌面\\fullstack project\\anime-hub\\server\\node_modules\\express\\lib\\application.js:181:10)\n' +
    '    at Server.app (C:\\Users\\duckp\\OneDrive\\桌面\\fullstack project\\anime-hub\\server\\node_modules\\express\\lib\\express.js:39:9)\n' +
    '    at Server.emit (node:events:518:28)\n' +
    '    at parserOnIncoming (node:_http_server:1143:12)\n' +
    '    at HTTPParser.parserOnHeadersComplete (node:_http_common:119:17)',
  timestamp: '2024-09-25T14:20:29.283Z'
}
{
  service: 'user-service',
  level: 'error',
  message: 'Test error Test error',
  stack: 'Error: Test error\n' +
    '    at C:\\Users\\duckp\\OneDrive\\桌面\\fullstack project\\anime-hub\\server\\src\\router\\tests.ts:5:9\n' +
    '    at newFn (C:\\Users\\duckp\\OneDrive\\桌面\\fullstack project\\anime-hub\\server\\node_modules\\express-async-errors\\index.js:16:20)\n' +
    '    at Layer.handle [as handle_request] (C:\\Users\\duckp\\OneDrive\\桌面\\fullstack project\\anime-hub\\server\\node_modules\\express\\lib\\router\\layer.js:95:5)\n' +
    '    at next (C:\\Users\\duckp\\OneDrive\\桌面\\fullstack project\\anime-hub\\server\\node_modules\\express\\lib\\router\\route.js:149:13)\n' +
    '    at Route.dispatch (C:\\Users\\duckp\\OneDrive\\桌面\\fullstack project\\anime-hub\\server\\node_modules\\express\\lib\\router\\route.js:119:3)\n' +
    '    at newFn (C:\\Users\\duckp\\OneDrive\\桌面\\fullstack project\\anime-hub\\server\\node_modules\\express-async-errors\\index.js:16:20)\n' +
    '    at Layer.handle [as handle_request] (C:\\Users\\duckp\\OneDrive\\桌面\\fullstack project\\anime-hub\\server\\node_modules\\express\\lib\\router\\layer.js:95:5)\n' +
    '    at C:\\Users\\duckp\\OneDrive\\桌面\\fullstack project\\anime-hub\\server\\node_modules\\express\\lib\\router\\index.js:284:15\n' +
    '    at Function.process_params (C:\\Users\\duckp\\OneDrive\\桌面\\fullstack project\\anime-hub\\server\\node_modules\\express\\lib\\router\\index.js:346:12)\n' +
    '    at next (C:\\Users\\duckp\\OneDrive\\桌面\\fullstack project\\anime-hub\\server\\node_modules\\express\\lib\\router\\index.js:280:10)\n' +
    '    at Function.handle (C:\\Users\\duckp\\OneDrive\\桌面\\fullstack project\\anime-hub\\server\\node_modules\\express\\lib\\router\\index.js:175:3)\n' +
    '    at router (C:\\Users\\duckp\\OneDrive\\桌面\\fullstack project\\anime-hub\\server\\node_modules\\express\\lib\\router\\index.js:47:12)\n' +
    '    at newFn (C:\\Users\\duckp\\OneDrive\\桌面\\fullstack project\\anime-hub\\server\\node_modules\\express-async-errors\\index.js:16:20)\n' +
    '    at Layer.handle [as handle_request] (C:\\Users\\duckp\\OneDrive\\桌面\\fullstack project\\anime-hub\\server\\node_modules\\express\\lib\\router\\layer.js:95:5)\n' +
    '    at trim_prefix (C:\\Users\\duckp\\OneDrive\\桌面\\fullstack project\\anime-hub\\server\\node_modules\\express\\lib\\router\\index.js:328:13)\n' +
    '    at C:\\Users\\duckp\\OneDrive\\桌面\\fullstack project\\anime-hub\\server\\node_modules\\express\\lib\\router\\index.js:286:9\n' +
    '    at Function.process_params (C:\\Users\\duckp\\OneDrive\\桌面\\fullstack project\\anime-hub\\server\\node_modules\\express\\lib\\router\\index.js:346:12)\n' +
    '    at next (C:\\Users\\duckp\\OneDrive\\桌面\\fullstack project\\anime-hub\\server\\node_modules\\express\\lib\\router\\index.js:280:10)\n' +
    '    at jsonParser (C:\\Users\\duckp\\OneDrive\\桌面\\fullstack project\\anime-hub\\server\\node_modules\\body-parser\\lib\\types\\json.js:113:7)\n' +
    '    at newFn (C:\\Users\\duckp\\OneDrive\\桌面\\fullstack project\\anime-hub\\server\\node_modules\\express-async-errors\\index.js:16:20)\n' +
    '    at Layer.handle [as handle_request] (C:\\Users\\duckp\\OneDrive\\桌面\\fullstack project\\anime-hub\\server\\node_modules\\express\\lib\\router\\layer.js:95:5)\n' +
    '    at trim_prefix (C:\\Users\\duckp\\OneDrive\\桌面\\fullstack project\\anime-hub\\server\\node_modules\\express\\lib\\router\\index.js:328:13)\n' +
    '    at C:\\Users\\duckp\\OneDrive\\桌面\\fullstack project\\anime-hub\\server\\node_modules\\express\\lib\\router\\index.js:286:9\n' +
    '    at Function.process_params (C:\\Users\\duckp\\OneDrive\\桌面\\fullstack project\\anime-hub\\server\\node_modules\\express\\lib\\router\\index.js:346:12)\n' +
    '    at next (C:\\Users\\duckp\\OneDrive\\桌面\\fullstack project\\anime-hub\\server\\node_modules\\express\\lib\\router\\index.js:280:10)\n' +
    '    at session (C:\\Users\\duckp\\OneDrive\\桌面\\fullstack project\\anime-hub\\server\\node_modules\\express-session\\index.js:487:7)\n' +
    '    at newFn (C:\\Users\\duckp\\OneDrive\\桌面\\fullstack project\\anime-hub\\server\\node_modules\\express-async-errors\\index.js:16:20)\n' +
    '    at Layer.handle [as handle_request] (C:\\Users\\duckp\\OneDrive\\桌面\\fullstack project\\anime-hub\\server\\node_modules\\express\\lib\\router\\layer.js:95:5)\n' +
    '    at trim_prefix (C:\\Users\\duckp\\OneDrive\\桌面\\fullstack project\\anime-hub\\server\\node_modules\\express\\lib\\router\\index.js:328:13)\n' +
    '    at C:\\Users\\duckp\\OneDrive\\桌面\\fullstack project\\anime-hub\\server\\node_modules\\express\\lib\\router\\index.js:286:9\n' +
    '    at Function.process_params (C:\\Users\\duckp\\OneDrive\\桌面\\fullstack project\\anime-hub\\server\\node_modules\\express\\lib\\router\\index.js:346:12)\n' +
    '    at next (C:\\Users\\duckp\\OneDrive\\桌面\\fullstack project\\anime-hub\\server\\node_modules\\express\\lib\\router\\index.js:280:10)\n' +
    '    at expressInit (C:\\Users\\duckp\\OneDrive\\桌面\\fullstack project\\anime-hub\\server\\node_modules\\express\\lib\\middleware\\init.js:40:5)\n' +
    '    at newFn (C:\\Users\\duckp\\OneDrive\\桌面\\fullstack project\\anime-hub\\server\\node_modules\\express-async-errors\\index.js:16:20)\n' +
    '    at Layer.handle [as handle_request] (C:\\Users\\duckp\\OneDrive\\桌面\\fullstack project\\anime-hub\\server\\node_modules\\express\\lib\\router\\layer.js:95:5)\n' +
    '    at trim_prefix (C:\\Users\\duckp\\OneDrive\\桌面\\fullstack project\\anime-hub\\server\\node_modules\\express\\lib\\router\\index.js:328:13)\n' +
    '    at C:\\Users\\duckp\\OneDrive\\桌面\\fullstack project\\anime-hub\\server\\node_modules\\express\\lib\\router\\index.js:286:9\n' +
    '    at Function.process_params (C:\\Users\\duckp\\OneDrive\\桌面\\fullstack project\\anime-hub\\server\\node_modules\\express\\lib\\router\\index.js:346:12)\n' +
    '    at next (C:\\Users\\duckp\\OneDrive\\桌面\\fullstack project\\anime-hub\\server\\node_modules\\express\\lib\\router\\index.js:280:10)\n' +
    '    at query (C:\\Users\\duckp\\OneDrive\\桌面\\fullstack project\\anime-hub\\server\\node_modules\\express\\lib\\middleware\\query.js:45:5)\n' +
    '    at newFn (C:\\Users\\duckp\\OneDrive\\桌面\\fullstack project\\anime-hub\\server\\node_modules\\express-async-errors\\index.js:16:20)\n' +
    '    at Layer.handle [as handle_request] (C:\\Users\\duckp\\OneDrive\\桌面\\fullstack project\\anime-hub\\server\\node_modules\\express\\lib\\router\\layer.js:95:5)\n' +
    '    at trim_prefix (C:\\Users\\duckp\\OneDrive\\桌面\\fullstack project\\anime-hub\\server\\node_modules\\express\\lib\\router\\index.js:328:13)\n' +
    '    at C:\\Users\\duckp\\OneDrive\\桌面\\fullstack project\\anime-hub\\server\\node_modules\\express\\lib\\router\\index.js:286:9\n' +
    '    at Function.process_params (C:\\Users\\duckp\\OneDrive\\桌面\\fullstack project\\anime-hub\\server\\node_modules\\express\\lib\\router\\index.js:346:12)\n' +
    '    at next (C:\\Users\\duckp\\OneDrive\\桌面\\fullstack project\\anime-hub\\server\\node_modules\\express\\lib\\router\\index.js:280:10)\n' +
    '    at Function.handle (C:\\Users\\duckp\\OneDrive\\桌面\\fullstack project\\anime-hub\\server\\node_modules\\express\\lib\\router\\index.js:175:3)\n' +
    '    at Function.handle (C:\\Users\\duckp\\OneDrive\\桌面\\fullstack project\\anime-hub\\server\\node_modules\\express\\lib\\application.js:181:10)\n' +
    '    at Server.app (C:\\Users\\duckp\\OneDrive\\桌面\\fullstack project\\anime-hub\\server\\node_modules\\express\\lib\\express.js:39:9)\n' +
    '    at Server.emit (node:events:518:28)\n' +
    '    at parserOnIncoming (node:_http_server:1143:12)\n' +
    '    at HTTPParser.parserOnHeadersComplete (node:_http_common:119:17)',
  timestamp: '2024-09-25T14:21:05.601Z'
}
{
  service: 'user-service',
  level: 'error',
  message: 'Test error Test error',
  stack: 'Error: Test error\n' +
    '    at C:\\Users\\duckp\\OneDrive\\桌面\\fullstack project\\anime-hub\\server\\src\\router\\tests.ts:5:9\n' +
    '    at newFn (C:\\Users\\duckp\\OneDrive\\桌面\\fullstack project\\anime-hub\\server\\node_modules\\express-async-errors\\index.js:16:20)\n' +
    '    at Layer.handle [as handle_request] (C:\\Users\\duckp\\OneDrive\\桌面\\fullstack project\\anime-hub\\server\\node_modules\\express\\lib\\router\\layer.js:95:5)\n' +
    '    at next (C:\\Users\\duckp\\OneDrive\\桌面\\fullstack project\\anime-hub\\server\\node_modules\\express\\lib\\router\\route.js:149:13)\n' +
    '    at Route.dispatch (C:\\Users\\duckp\\OneDrive\\桌面\\fullstack project\\anime-hub\\server\\node_modules\\express\\lib\\router\\route.js:119:3)\n' +
    '    at newFn (C:\\Users\\duckp\\OneDrive\\桌面\\fullstack project\\anime-hub\\server\\node_modules\\express-async-errors\\index.js:16:20)\n' +
    '    at Layer.handle [as handle_request] (C:\\Users\\duckp\\OneDrive\\桌面\\fullstack project\\anime-hub\\server\\node_modules\\express\\lib\\router\\layer.js:95:5)\n' +
    '    at C:\\Users\\duckp\\OneDrive\\桌面\\fullstack project\\anime-hub\\server\\node_modules\\express\\lib\\router\\index.js:284:15\n' +
    '    at Function.process_params (C:\\Users\\duckp\\OneDrive\\桌面\\fullstack project\\anime-hub\\server\\node_modules\\express\\lib\\router\\index.js:346:12)\n' +
    '    at next (C:\\Users\\duckp\\OneDrive\\桌面\\fullstack project\\anime-hub\\server\\node_modules\\express\\lib\\router\\index.js:280:10)\n' +
    '    at Function.handle (C:\\Users\\duckp\\OneDrive\\桌面\\fullstack project\\anime-hub\\server\\node_modules\\express\\lib\\router\\index.js:175:3)\n' +
    '    at router (C:\\Users\\duckp\\OneDrive\\桌面\\fullstack project\\anime-hub\\server\\node_modules\\express\\lib\\router\\index.js:47:12)\n' +
    '    at newFn (C:\\Users\\duckp\\OneDrive\\桌面\\fullstack project\\anime-hub\\server\\node_modules\\express-async-errors\\index.js:16:20)\n' +
    '    at Layer.handle [as handle_request] (C:\\Users\\duckp\\OneDrive\\桌面\\fullstack project\\anime-hub\\server\\node_modules\\express\\lib\\router\\layer.js:95:5)\n' +
    '    at trim_prefix (C:\\Users\\duckp\\OneDrive\\桌面\\fullstack project\\anime-hub\\server\\node_modules\\express\\lib\\router\\index.js:328:13)\n' +
    '    at C:\\Users\\duckp\\OneDrive\\桌面\\fullstack project\\anime-hub\\server\\node_modules\\express\\lib\\router\\index.js:286:9\n' +
    '    at Function.process_params (C:\\Users\\duckp\\OneDrive\\桌面\\fullstack project\\anime-hub\\server\\node_modules\\express\\lib\\router\\index.js:346:12)\n' +
    '    at next (C:\\Users\\duckp\\OneDrive\\桌面\\fullstack project\\anime-hub\\server\\node_modules\\express\\lib\\router\\index.js:280:10)\n' +
    '    at jsonParser (C:\\Users\\duckp\\OneDrive\\桌面\\fullstack project\\anime-hub\\server\\node_modules\\body-parser\\lib\\types\\json.js:113:7)\n' +
    '    at newFn (C:\\Users\\duckp\\OneDrive\\桌面\\fullstack project\\anime-hub\\server\\node_modules\\express-async-errors\\index.js:16:20)\n' +
    '    at Layer.handle [as handle_request] (C:\\Users\\duckp\\OneDrive\\桌面\\fullstack project\\anime-hub\\server\\node_modules\\express\\lib\\router\\layer.js:95:5)\n' +
    '    at trim_prefix (C:\\Users\\duckp\\OneDrive\\桌面\\fullstack project\\anime-hub\\server\\node_modules\\express\\lib\\router\\index.js:328:13)\n' +
    '    at C:\\Users\\duckp\\OneDrive\\桌面\\fullstack project\\anime-hub\\server\\node_modules\\express\\lib\\router\\index.js:286:9\n' +
    '    at Function.process_params (C:\\Users\\duckp\\OneDrive\\桌面\\fullstack project\\anime-hub\\server\\node_modules\\express\\lib\\router\\index.js:346:12)\n' +
    '    at next (C:\\Users\\duckp\\OneDrive\\桌面\\fullstack project\\anime-hub\\server\\node_modules\\express\\lib\\router\\index.js:280:10)\n' +
    '    at session (C:\\Users\\duckp\\OneDrive\\桌面\\fullstack project\\anime-hub\\server\\node_modules\\express-session\\index.js:487:7)\n' +
    '    at newFn (C:\\Users\\duckp\\OneDrive\\桌面\\fullstack project\\anime-hub\\server\\node_modules\\express-async-errors\\index.js:16:20)\n' +
    '    at Layer.handle [as handle_request] (C:\\Users\\duckp\\OneDrive\\桌面\\fullstack project\\anime-hub\\server\\node_modules\\express\\lib\\router\\layer.js:95:5)\n' +
    '    at trim_prefix (C:\\Users\\duckp\\OneDrive\\桌面\\fullstack project\\anime-hub\\server\\node_modules\\express\\lib\\router\\index.js:328:13)\n' +
    '    at C:\\Users\\duckp\\OneDrive\\桌面\\fullstack project\\anime-hub\\server\\node_modules\\express\\lib\\router\\index.js:286:9\n' +
    '    at Function.process_params (C:\\Users\\duckp\\OneDrive\\桌面\\fullstack project\\anime-hub\\server\\node_modules\\express\\lib\\router\\index.js:346:12)\n' +
    '    at next (C:\\Users\\duckp\\OneDrive\\桌面\\fullstack project\\anime-hub\\server\\node_modules\\express\\lib\\router\\index.js:280:10)\n' +
    '    at expressInit (C:\\Users\\duckp\\OneDrive\\桌面\\fullstack project\\anime-hub\\server\\node_modules\\express\\lib\\middleware\\init.js:40:5)\n' +
    '    at newFn (C:\\Users\\duckp\\OneDrive\\桌面\\fullstack project\\anime-hub\\server\\node_modules\\express-async-errors\\index.js:16:20)\n' +
    '    at Layer.handle [as handle_request] (C:\\Users\\duckp\\OneDrive\\桌面\\fullstack project\\anime-hub\\server\\node_modules\\express\\lib\\router\\layer.js:95:5)\n' +
    '    at trim_prefix (C:\\Users\\duckp\\OneDrive\\桌面\\fullstack project\\anime-hub\\server\\node_modules\\express\\lib\\router\\index.js:328:13)\n' +
    '    at C:\\Users\\duckp\\OneDrive\\桌面\\fullstack project\\anime-hub\\server\\node_modules\\express\\lib\\router\\index.js:286:9\n' +
    '    at Function.process_params (C:\\Users\\duckp\\OneDrive\\桌面\\fullstack project\\anime-hub\\server\\node_modules\\express\\lib\\router\\index.js:346:12)\n' +
    '    at next (C:\\Users\\duckp\\OneDrive\\桌面\\fullstack project\\anime-hub\\server\\node_modules\\express\\lib\\router\\index.js:280:10)\n' +
    '    at query (C:\\Users\\duckp\\OneDrive\\桌面\\fullstack project\\anime-hub\\server\\node_modules\\express\\lib\\middleware\\query.js:45:5)\n' +
    '    at newFn (C:\\Users\\duckp\\OneDrive\\桌面\\fullstack project\\anime-hub\\server\\node_modules\\express-async-errors\\index.js:16:20)\n' +
    '    at Layer.handle [as handle_request] (C:\\Users\\duckp\\OneDrive\\桌面\\fullstack project\\anime-hub\\server\\node_modules\\express\\lib\\router\\layer.js:95:5)\n' +
    '    at trim_prefix (C:\\Users\\duckp\\OneDrive\\桌面\\fullstack project\\anime-hub\\server\\node_modules\\express\\lib\\router\\index.js:328:13)\n' +
    '    at C:\\Users\\duckp\\OneDrive\\桌面\\fullstack project\\anime-hub\\server\\node_modules\\express\\lib\\router\\index.js:286:9\n' +
    '    at Function.process_params (C:\\Users\\duckp\\OneDrive\\桌面\\fullstack project\\anime-hub\\server\\node_modules\\express\\lib\\router\\index.js:346:12)\n' +
    '    at next (C:\\Users\\duckp\\OneDrive\\桌面\\fullstack project\\anime-hub\\server\\node_modules\\express\\lib\\router\\index.js:280:10)\n' +
    '    at Function.handle (C:\\Users\\duckp\\OneDrive\\桌面\\fullstack project\\anime-hub\\server\\node_modules\\express\\lib\\router\\index.js:175:3)\n' +
    '    at Function.handle (C:\\Users\\duckp\\OneDrive\\桌面\\fullstack project\\anime-hub\\server\\node_modules\\express\\lib\\application.js:181:10)\n' +
    '    at Server.app (C:\\Users\\duckp\\OneDrive\\桌面\\fullstack project\\anime-hub\\server\\node_modules\\express\\lib\\express.js:39:9)\n' +
    '    at Server.emit (node:events:518:28)\n' +
    '    at parserOnIncoming (node:_http_server:1143:12)\n' +
    '    at HTTPParser.parserOnHeadersComplete (node:_http_common:119:17)',
  timestamp: '2024-09-25T14:25:26.211Z'
}
{
  service: 'user-service',
  level: 'error',
  message: 'Test error Test error',
  stack: 'Error: Test error\n' +
    '    at C:\\Users\\duckp\\OneDrive\\桌面\\fullstack project\\anime-hub\\server\\src\\router\\tests.ts:5:9\n' +
    '    at newFn (C:\\Users\\duckp\\OneDrive\\桌面\\fullstack project\\anime-hub\\server\\node_modules\\express-async-errors\\index.js:16:20)\n' +
    '    at Layer.handle [as handle_request] (C:\\Users\\duckp\\OneDrive\\桌面\\fullstack project\\anime-hub\\server\\node_modules\\express\\lib\\router\\layer.js:95:5)\n' +
    '    at next (C:\\Users\\duckp\\OneDrive\\桌面\\fullstack project\\anime-hub\\server\\node_modules\\express\\lib\\router\\route.js:149:13)\n' +
    '    at Route.dispatch (C:\\Users\\duckp\\OneDrive\\桌面\\fullstack project\\anime-hub\\server\\node_modules\\express\\lib\\router\\route.js:119:3)\n' +
    '    at newFn (C:\\Users\\duckp\\OneDrive\\桌面\\fullstack project\\anime-hub\\server\\node_modules\\express-async-errors\\index.js:16:20)\n' +
    '    at Layer.handle [as handle_request] (C:\\Users\\duckp\\OneDrive\\桌面\\fullstack project\\anime-hub\\server\\node_modules\\express\\lib\\router\\layer.js:95:5)\n' +
    '    at C:\\Users\\duckp\\OneDrive\\桌面\\fullstack project\\anime-hub\\server\\node_modules\\express\\lib\\router\\index.js:284:15\n' +
    '    at Function.process_params (C:\\Users\\duckp\\OneDrive\\桌面\\fullstack project\\anime-hub\\server\\node_modules\\express\\lib\\router\\index.js:346:12)\n' +
    '    at next (C:\\Users\\duckp\\OneDrive\\桌面\\fullstack project\\anime-hub\\server\\node_modules\\express\\lib\\router\\index.js:280:10)\n' +
    '    at Function.handle (C:\\Users\\duckp\\OneDrive\\桌面\\fullstack project\\anime-hub\\server\\node_modules\\express\\lib\\router\\index.js:175:3)\n' +
    '    at router (C:\\Users\\duckp\\OneDrive\\桌面\\fullstack project\\anime-hub\\server\\node_modules\\express\\lib\\router\\index.js:47:12)\n' +
    '    at newFn (C:\\Users\\duckp\\OneDrive\\桌面\\fullstack project\\anime-hub\\server\\node_modules\\express-async-errors\\index.js:16:20)\n' +
    '    at Layer.handle [as handle_request] (C:\\Users\\duckp\\OneDrive\\桌面\\fullstack project\\anime-hub\\server\\node_modules\\express\\lib\\router\\layer.js:95:5)\n' +
    '    at trim_prefix (C:\\Users\\duckp\\OneDrive\\桌面\\fullstack project\\anime-hub\\server\\node_modules\\express\\lib\\router\\index.js:328:13)\n' +
    '    at C:\\Users\\duckp\\OneDrive\\桌面\\fullstack project\\anime-hub\\server\\node_modules\\express\\lib\\router\\index.js:286:9\n' +
    '    at Function.process_params (C:\\Users\\duckp\\OneDrive\\桌面\\fullstack project\\anime-hub\\server\\node_modules\\express\\lib\\router\\index.js:346:12)\n' +
    '    at next (C:\\Users\\duckp\\OneDrive\\桌面\\fullstack project\\anime-hub\\server\\node_modules\\express\\lib\\router\\index.js:280:10)\n' +
    '    at jsonParser (C:\\Users\\duckp\\OneDrive\\桌面\\fullstack project\\anime-hub\\server\\node_modules\\body-parser\\lib\\types\\json.js:113:7)\n' +
    '    at newFn (C:\\Users\\duckp\\OneDrive\\桌面\\fullstack project\\anime-hub\\server\\node_modules\\express-async-errors\\index.js:16:20)\n' +
    '    at Layer.handle [as handle_request] (C:\\Users\\duckp\\OneDrive\\桌面\\fullstack project\\anime-hub\\server\\node_modules\\express\\lib\\router\\layer.js:95:5)\n' +
    '    at trim_prefix (C:\\Users\\duckp\\OneDrive\\桌面\\fullstack project\\anime-hub\\server\\node_modules\\express\\lib\\router\\index.js:328:13)\n' +
    '    at C:\\Users\\duckp\\OneDrive\\桌面\\fullstack project\\anime-hub\\server\\node_modules\\express\\lib\\router\\index.js:286:9\n' +
    '    at Function.process_params (C:\\Users\\duckp\\OneDrive\\桌面\\fullstack project\\anime-hub\\server\\node_modules\\express\\lib\\router\\index.js:346:12)\n' +
    '    at next (C:\\Users\\duckp\\OneDrive\\桌面\\fullstack project\\anime-hub\\server\\node_modules\\express\\lib\\router\\index.js:280:10)\n' +
    '    at session (C:\\Users\\duckp\\OneDrive\\桌面\\fullstack project\\anime-hub\\server\\node_modules\\express-session\\index.js:487:7)\n' +
    '    at newFn (C:\\Users\\duckp\\OneDrive\\桌面\\fullstack project\\anime-hub\\server\\node_modules\\express-async-errors\\index.js:16:20)\n' +
    '    at Layer.handle [as handle_request] (C:\\Users\\duckp\\OneDrive\\桌面\\fullstack project\\anime-hub\\server\\node_modules\\express\\lib\\router\\layer.js:95:5)\n' +
    '    at trim_prefix (C:\\Users\\duckp\\OneDrive\\桌面\\fullstack project\\anime-hub\\server\\node_modules\\express\\lib\\router\\index.js:328:13)\n' +
    '    at C:\\Users\\duckp\\OneDrive\\桌面\\fullstack project\\anime-hub\\server\\node_modules\\express\\lib\\router\\index.js:286:9\n' +
    '    at Function.process_params (C:\\Users\\duckp\\OneDrive\\桌面\\fullstack project\\anime-hub\\server\\node_modules\\express\\lib\\router\\index.js:346:12)\n' +
    '    at next (C:\\Users\\duckp\\OneDrive\\桌面\\fullstack project\\anime-hub\\server\\node_modules\\express\\lib\\router\\index.js:280:10)\n' +
    '    at expressInit (C:\\Users\\duckp\\OneDrive\\桌面\\fullstack project\\anime-hub\\server\\node_modules\\express\\lib\\middleware\\init.js:40:5)\n' +
    '    at newFn (C:\\Users\\duckp\\OneDrive\\桌面\\fullstack project\\anime-hub\\server\\node_modules\\express-async-errors\\index.js:16:20)\n' +
    '    at Layer.handle [as handle_request] (C:\\Users\\duckp\\OneDrive\\桌面\\fullstack project\\anime-hub\\server\\node_modules\\express\\lib\\router\\layer.js:95:5)\n' +
    '    at trim_prefix (C:\\Users\\duckp\\OneDrive\\桌面\\fullstack project\\anime-hub\\server\\node_modules\\express\\lib\\router\\index.js:328:13)\n' +
    '    at C:\\Users\\duckp\\OneDrive\\桌面\\fullstack project\\anime-hub\\server\\node_modules\\express\\lib\\router\\index.js:286:9\n' +
    '    at Function.process_params (C:\\Users\\duckp\\OneDrive\\桌面\\fullstack project\\anime-hub\\server\\node_modules\\express\\lib\\router\\index.js:346:12)\n' +
    '    at next (C:\\Users\\duckp\\OneDrive\\桌面\\fullstack project\\anime-hub\\server\\node_modules\\express\\lib\\router\\index.js:280:10)\n' +
    '    at query (C:\\Users\\duckp\\OneDrive\\桌面\\fullstack project\\anime-hub\\server\\node_modules\\express\\lib\\middleware\\query.js:45:5)\n' +
    '    at newFn (C:\\Users\\duckp\\OneDrive\\桌面\\fullstack project\\anime-hub\\server\\node_modules\\express-async-errors\\index.js:16:20)\n' +
    '    at Layer.handle [as handle_request] (C:\\Users\\duckp\\OneDrive\\桌面\\fullstack project\\anime-hub\\server\\node_modules\\express\\lib\\router\\layer.js:95:5)\n' +
    '    at trim_prefix (C:\\Users\\duckp\\OneDrive\\桌面\\fullstack project\\anime-hub\\server\\node_modules\\express\\lib\\router\\index.js:328:13)\n' +
    '    at C:\\Users\\duckp\\OneDrive\\桌面\\fullstack project\\anime-hub\\server\\node_modules\\express\\lib\\router\\index.js:286:9\n' +
    '    at Function.process_params (C:\\Users\\duckp\\OneDrive\\桌面\\fullstack project\\anime-hub\\server\\node_modules\\express\\lib\\router\\index.js:346:12)\n' +
    '    at next (C:\\Users\\duckp\\OneDrive\\桌面\\fullstack project\\anime-hub\\server\\node_modules\\express\\lib\\router\\index.js:280:10)\n' +
    '    at Function.handle (C:\\Users\\duckp\\OneDrive\\桌面\\fullstack project\\anime-hub\\server\\node_modules\\express\\lib\\router\\index.js:175:3)\n' +
    '    at Function.handle (C:\\Users\\duckp\\OneDrive\\桌面\\fullstack project\\anime-hub\\server\\node_modules\\express\\lib\\application.js:181:10)\n' +
    '    at Server.app (C:\\Users\\duckp\\OneDrive\\桌面\\fullstack project\\anime-hub\\server\\node_modules\\express\\lib\\express.js:39:9)\n' +
    '    at Server.emit (node:events:518:28)\n' +
    '    at parserOnIncoming (node:_http_server:1143:12)\n' +
    '    at HTTPParser.parserOnHeadersComplete (node:_http_common:119:17)',
  timestamp: '2024-09-25T14:26:49.608Z'
}
{
  service: 'user-service',
  level: 'error',
  message: 'Test error Test error',
  stack: 'Error: Test error\n' +
    '    at C:\\Users\\duckp\\OneDrive\\桌面\\fullstack project\\anime-hub\\server\\src\\router\\tests.ts:5:9\n' +
    '    at newFn (C:\\Users\\duckp\\OneDrive\\桌面\\fullstack project\\anime-hub\\server\\node_modules\\express-async-errors\\index.js:16:20)\n' +
    '    at Layer.handle [as handle_request] (C:\\Users\\duckp\\OneDrive\\桌面\\fullstack project\\anime-hub\\server\\node_modules\\express\\lib\\router\\layer.js:95:5)\n' +
    '    at next (C:\\Users\\duckp\\OneDrive\\桌面\\fullstack project\\anime-hub\\server\\node_modules\\express\\lib\\router\\route.js:149:13)\n' +
    '    at Route.dispatch (C:\\Users\\duckp\\OneDrive\\桌面\\fullstack project\\anime-hub\\server\\node_modules\\express\\lib\\router\\route.js:119:3)\n' +
    '    at newFn (C:\\Users\\duckp\\OneDrive\\桌面\\fullstack project\\anime-hub\\server\\node_modules\\express-async-errors\\index.js:16:20)\n' +
    '    at Layer.handle [as handle_request] (C:\\Users\\duckp\\OneDrive\\桌面\\fullstack project\\anime-hub\\server\\node_modules\\express\\lib\\router\\layer.js:95:5)\n' +
    '    at C:\\Users\\duckp\\OneDrive\\桌面\\fullstack project\\anime-hub\\server\\node_modules\\express\\lib\\router\\index.js:284:15\n' +
    '    at Function.process_params (C:\\Users\\duckp\\OneDrive\\桌面\\fullstack project\\anime-hub\\server\\node_modules\\express\\lib\\router\\index.js:346:12)\n' +
    '    at next (C:\\Users\\duckp\\OneDrive\\桌面\\fullstack project\\anime-hub\\server\\node_modules\\express\\lib\\router\\index.js:280:10)\n' +
    '    at Function.handle (C:\\Users\\duckp\\OneDrive\\桌面\\fullstack project\\anime-hub\\server\\node_modules\\express\\lib\\router\\index.js:175:3)\n' +
    '    at router (C:\\Users\\duckp\\OneDrive\\桌面\\fullstack project\\anime-hub\\server\\node_modules\\express\\lib\\router\\index.js:47:12)\n' +
    '    at newFn (C:\\Users\\duckp\\OneDrive\\桌面\\fullstack project\\anime-hub\\server\\node_modules\\express-async-errors\\index.js:16:20)\n' +
    '    at Layer.handle [as handle_request] (C:\\Users\\duckp\\OneDrive\\桌面\\fullstack project\\anime-hub\\server\\node_modules\\express\\lib\\router\\layer.js:95:5)\n' +
    '    at trim_prefix (C:\\Users\\duckp\\OneDrive\\桌面\\fullstack project\\anime-hub\\server\\node_modules\\express\\lib\\router\\index.js:328:13)\n' +
    '    at C:\\Users\\duckp\\OneDrive\\桌面\\fullstack project\\anime-hub\\server\\node_modules\\express\\lib\\router\\index.js:286:9\n' +
    '    at Function.process_params (C:\\Users\\duckp\\OneDrive\\桌面\\fullstack project\\anime-hub\\server\\node_modules\\express\\lib\\router\\index.js:346:12)\n' +
    '    at next (C:\\Users\\duckp\\OneDrive\\桌面\\fullstack project\\anime-hub\\server\\node_modules\\express\\lib\\router\\index.js:280:10)\n' +
    '    at jsonParser (C:\\Users\\duckp\\OneDrive\\桌面\\fullstack project\\anime-hub\\server\\node_modules\\body-parser\\lib\\types\\json.js:113:7)\n' +
    '    at newFn (C:\\Users\\duckp\\OneDrive\\桌面\\fullstack project\\anime-hub\\server\\node_modules\\express-async-errors\\index.js:16:20)\n' +
    '    at Layer.handle [as handle_request] (C:\\Users\\duckp\\OneDrive\\桌面\\fullstack project\\anime-hub\\server\\node_modules\\express\\lib\\router\\layer.js:95:5)\n' +
    '    at trim_prefix (C:\\Users\\duckp\\OneDrive\\桌面\\fullstack project\\anime-hub\\server\\node_modules\\express\\lib\\router\\index.js:328:13)\n' +
    '    at C:\\Users\\duckp\\OneDrive\\桌面\\fullstack project\\anime-hub\\server\\node_modules\\express\\lib\\router\\index.js:286:9\n' +
    '    at Function.process_params (C:\\Users\\duckp\\OneDrive\\桌面\\fullstack project\\anime-hub\\server\\node_modules\\express\\lib\\router\\index.js:346:12)\n' +
    '    at next (C:\\Users\\duckp\\OneDrive\\桌面\\fullstack project\\anime-hub\\server\\node_modules\\express\\lib\\router\\index.js:280:10)\n' +
    '    at session (C:\\Users\\duckp\\OneDrive\\桌面\\fullstack project\\anime-hub\\server\\node_modules\\express-session\\index.js:487:7)\n' +
    '    at newFn (C:\\Users\\duckp\\OneDrive\\桌面\\fullstack project\\anime-hub\\server\\node_modules\\express-async-errors\\index.js:16:20)\n' +
    '    at Layer.handle [as handle_request] (C:\\Users\\duckp\\OneDrive\\桌面\\fullstack project\\anime-hub\\server\\node_modules\\express\\lib\\router\\layer.js:95:5)\n' +
    '    at trim_prefix (C:\\Users\\duckp\\OneDrive\\桌面\\fullstack project\\anime-hub\\server\\node_modules\\express\\lib\\router\\index.js:328:13)\n' +
    '    at C:\\Users\\duckp\\OneDrive\\桌面\\fullstack project\\anime-hub\\server\\node_modules\\express\\lib\\router\\index.js:286:9\n' +
    '    at Function.process_params (C:\\Users\\duckp\\OneDrive\\桌面\\fullstack project\\anime-hub\\server\\node_modules\\express\\lib\\router\\index.js:346:12)\n' +
    '    at next (C:\\Users\\duckp\\OneDrive\\桌面\\fullstack project\\anime-hub\\server\\node_modules\\express\\lib\\router\\index.js:280:10)\n' +
    '    at expressInit (C:\\Users\\duckp\\OneDrive\\桌面\\fullstack project\\anime-hub\\server\\node_modules\\express\\lib\\middleware\\init.js:40:5)\n' +
    '    at newFn (C:\\Users\\duckp\\OneDrive\\桌面\\fullstack project\\anime-hub\\server\\node_modules\\express-async-errors\\index.js:16:20)\n' +
    '    at Layer.handle [as handle_request] (C:\\Users\\duckp\\OneDrive\\桌面\\fullstack project\\anime-hub\\server\\node_modules\\express\\lib\\router\\layer.js:95:5)\n' +
    '    at trim_prefix (C:\\Users\\duckp\\OneDrive\\桌面\\fullstack project\\anime-hub\\server\\node_modules\\express\\lib\\router\\index.js:328:13)\n' +
    '    at C:\\Users\\duckp\\OneDrive\\桌面\\fullstack project\\anime-hub\\server\\node_modules\\express\\lib\\router\\index.js:286:9\n' +
    '    at Function.process_params (C:\\Users\\duckp\\OneDrive\\桌面\\fullstack project\\anime-hub\\server\\node_modules\\express\\lib\\router\\index.js:346:12)\n' +
    '    at next (C:\\Users\\duckp\\OneDrive\\桌面\\fullstack project\\anime-hub\\server\\node_modules\\express\\lib\\router\\index.js:280:10)\n' +
    '    at query (C:\\Users\\duckp\\OneDrive\\桌面\\fullstack project\\anime-hub\\server\\node_modules\\express\\lib\\middleware\\query.js:45:5)\n' +
    '    at newFn (C:\\Users\\duckp\\OneDrive\\桌面\\fullstack project\\anime-hub\\server\\node_modules\\express-async-errors\\index.js:16:20)\n' +
    '    at Layer.handle [as handle_request] (C:\\Users\\duckp\\OneDrive\\桌面\\fullstack project\\anime-hub\\server\\node_modules\\express\\lib\\router\\layer.js:95:5)\n' +
    '    at trim_prefix (C:\\Users\\duckp\\OneDrive\\桌面\\fullstack project\\anime-hub\\server\\node_modules\\express\\lib\\router\\index.js:328:13)\n' +
    '    at C:\\Users\\duckp\\OneDrive\\桌面\\fullstack project\\anime-hub\\server\\node_modules\\express\\lib\\router\\index.js:286:9\n' +
    '    at Function.process_params (C:\\Users\\duckp\\OneDrive\\桌面\\fullstack project\\anime-hub\\server\\node_modules\\express\\lib\\router\\index.js:346:12)\n' +
    '    at next (C:\\Users\\duckp\\OneDrive\\桌面\\fullstack project\\anime-hub\\server\\node_modules\\express\\lib\\router\\index.js:280:10)\n' +
    '    at Function.handle (C:\\Users\\duckp\\OneDrive\\桌面\\fullstack project\\anime-hub\\server\\node_modules\\express\\lib\\router\\index.js:175:3)\n' +
    '    at Function.handle (C:\\Users\\duckp\\OneDrive\\桌面\\fullstack project\\anime-hub\\server\\node_modules\\express\\lib\\application.js:181:10)\n' +
    '    at Server.app (C:\\Users\\duckp\\OneDrive\\桌面\\fullstack project\\anime-hub\\server\\node_modules\\express\\lib\\express.js:39:9)\n' +
    '    at Server.emit (node:events:518:28)\n' +
    '    at parserOnIncoming (node:_http_server:1143:12)\n' +
    '    at HTTPParser.parserOnHeadersComplete (node:_http_common:119:17)',
  timestamp: '2024-09-25T14:27:26.306Z'
}
{
  service: 'user-service',
  level: 'error',
  message: 'Test error Test error',
  stack: 'Error: Test error\n' +
    '    at C:\\Users\\duckp\\OneDrive\\桌面\\fullstack project\\anime-hub\\server\\src\\router\\tests.ts:5:9\n' +
    '    at newFn (C:\\Users\\duckp\\OneDrive\\桌面\\fullstack project\\anime-hub\\server\\node_modules\\express-async-errors\\index.js:16:20)\n' +
    '    at Layer.handle [as handle_request] (C:\\Users\\duckp\\OneDrive\\桌面\\fullstack project\\anime-hub\\server\\node_modules\\express\\lib\\router\\layer.js:95:5)\n' +
    '    at next (C:\\Users\\duckp\\OneDrive\\桌面\\fullstack project\\anime-hub\\server\\node_modules\\express\\lib\\router\\route.js:149:13)\n' +
    '    at Route.dispatch (C:\\Users\\duckp\\OneDrive\\桌面\\fullstack project\\anime-hub\\server\\node_modules\\express\\lib\\router\\route.js:119:3)\n' +
    '    at newFn (C:\\Users\\duckp\\OneDrive\\桌面\\fullstack project\\anime-hub\\server\\node_modules\\express-async-errors\\index.js:16:20)\n' +
    '    at Layer.handle [as handle_request] (C:\\Users\\duckp\\OneDrive\\桌面\\fullstack project\\anime-hub\\server\\node_modules\\express\\lib\\router\\layer.js:95:5)\n' +
    '    at C:\\Users\\duckp\\OneDrive\\桌面\\fullstack project\\anime-hub\\server\\node_modules\\express\\lib\\router\\index.js:284:15\n' +
    '    at Function.process_params (C:\\Users\\duckp\\OneDrive\\桌面\\fullstack project\\anime-hub\\server\\node_modules\\express\\lib\\router\\index.js:346:12)\n' +
    '    at next (C:\\Users\\duckp\\OneDrive\\桌面\\fullstack project\\anime-hub\\server\\node_modules\\express\\lib\\router\\index.js:280:10)\n' +
    '    at Function.handle (C:\\Users\\duckp\\OneDrive\\桌面\\fullstack project\\anime-hub\\server\\node_modules\\express\\lib\\router\\index.js:175:3)\n' +
    '    at router (C:\\Users\\duckp\\OneDrive\\桌面\\fullstack project\\anime-hub\\server\\node_modules\\express\\lib\\router\\index.js:47:12)\n' +
    '    at newFn (C:\\Users\\duckp\\OneDrive\\桌面\\fullstack project\\anime-hub\\server\\node_modules\\express-async-errors\\index.js:16:20)\n' +
    '    at Layer.handle [as handle_request] (C:\\Users\\duckp\\OneDrive\\桌面\\fullstack project\\anime-hub\\server\\node_modules\\express\\lib\\router\\layer.js:95:5)\n' +
    '    at trim_prefix (C:\\Users\\duckp\\OneDrive\\桌面\\fullstack project\\anime-hub\\server\\node_modules\\express\\lib\\router\\index.js:328:13)\n' +
    '    at C:\\Users\\duckp\\OneDrive\\桌面\\fullstack project\\anime-hub\\server\\node_modules\\express\\lib\\router\\index.js:286:9\n' +
    '    at Function.process_params (C:\\Users\\duckp\\OneDrive\\桌面\\fullstack project\\anime-hub\\server\\node_modules\\express\\lib\\router\\index.js:346:12)\n' +
    '    at next (C:\\Users\\duckp\\OneDrive\\桌面\\fullstack project\\anime-hub\\server\\node_modules\\express\\lib\\router\\index.js:280:10)\n' +
    '    at jsonParser (C:\\Users\\duckp\\OneDrive\\桌面\\fullstack project\\anime-hub\\server\\node_modules\\body-parser\\lib\\types\\json.js:113:7)\n' +
    '    at newFn (C:\\Users\\duckp\\OneDrive\\桌面\\fullstack project\\anime-hub\\server\\node_modules\\express-async-errors\\index.js:16:20)\n' +
    '    at Layer.handle [as handle_request] (C:\\Users\\duckp\\OneDrive\\桌面\\fullstack project\\anime-hub\\server\\node_modules\\express\\lib\\router\\layer.js:95:5)\n' +
    '    at trim_prefix (C:\\Users\\duckp\\OneDrive\\桌面\\fullstack project\\anime-hub\\server\\node_modules\\express\\lib\\router\\index.js:328:13)\n' +
    '    at C:\\Users\\duckp\\OneDrive\\桌面\\fullstack project\\anime-hub\\server\\node_modules\\express\\lib\\router\\index.js:286:9\n' +
    '    at Function.process_params (C:\\Users\\duckp\\OneDrive\\桌面\\fullstack project\\anime-hub\\server\\node_modules\\express\\lib\\router\\index.js:346:12)\n' +
    '    at next (C:\\Users\\duckp\\OneDrive\\桌面\\fullstack project\\anime-hub\\server\\node_modules\\express\\lib\\router\\index.js:280:10)\n' +
    '    at session (C:\\Users\\duckp\\OneDrive\\桌面\\fullstack project\\anime-hub\\server\\node_modules\\express-session\\index.js:487:7)\n' +
    '    at newFn (C:\\Users\\duckp\\OneDrive\\桌面\\fullstack project\\anime-hub\\server\\node_modules\\express-async-errors\\index.js:16:20)\n' +
    '    at Layer.handle [as handle_request] (C:\\Users\\duckp\\OneDrive\\桌面\\fullstack project\\anime-hub\\server\\node_modules\\express\\lib\\router\\layer.js:95:5)\n' +
    '    at trim_prefix (C:\\Users\\duckp\\OneDrive\\桌面\\fullstack project\\anime-hub\\server\\node_modules\\express\\lib\\router\\index.js:328:13)\n' +
    '    at C:\\Users\\duckp\\OneDrive\\桌面\\fullstack project\\anime-hub\\server\\node_modules\\express\\lib\\router\\index.js:286:9\n' +
    '    at Function.process_params (C:\\Users\\duckp\\OneDrive\\桌面\\fullstack project\\anime-hub\\server\\node_modules\\express\\lib\\router\\index.js:346:12)\n' +
    '    at next (C:\\Users\\duckp\\OneDrive\\桌面\\fullstack project\\anime-hub\\server\\node_modules\\express\\lib\\router\\index.js:280:10)\n' +
    '    at expressInit (C:\\Users\\duckp\\OneDrive\\桌面\\fullstack project\\anime-hub\\server\\node_modules\\express\\lib\\middleware\\init.js:40:5)\n' +
    '    at newFn (C:\\Users\\duckp\\OneDrive\\桌面\\fullstack project\\anime-hub\\server\\node_modules\\express-async-errors\\index.js:16:20)\n' +
    '    at Layer.handle [as handle_request] (C:\\Users\\duckp\\OneDrive\\桌面\\fullstack project\\anime-hub\\server\\node_modules\\express\\lib\\router\\layer.js:95:5)\n' +
    '    at trim_prefix (C:\\Users\\duckp\\OneDrive\\桌面\\fullstack project\\anime-hub\\server\\node_modules\\express\\lib\\router\\index.js:328:13)\n' +
    '    at C:\\Users\\duckp\\OneDrive\\桌面\\fullstack project\\anime-hub\\server\\node_modules\\express\\lib\\router\\index.js:286:9\n' +
    '    at Function.process_params (C:\\Users\\duckp\\OneDrive\\桌面\\fullstack project\\anime-hub\\server\\node_modules\\express\\lib\\router\\index.js:346:12)\n' +
    '    at next (C:\\Users\\duckp\\OneDrive\\桌面\\fullstack project\\anime-hub\\server\\node_modules\\express\\lib\\router\\index.js:280:10)\n' +
    '    at query (C:\\Users\\duckp\\OneDrive\\桌面\\fullstack project\\anime-hub\\server\\node_modules\\express\\lib\\middleware\\query.js:45:5)\n' +
    '    at newFn (C:\\Users\\duckp\\OneDrive\\桌面\\fullstack project\\anime-hub\\server\\node_modules\\express-async-errors\\index.js:16:20)\n' +
    '    at Layer.handle [as handle_request] (C:\\Users\\duckp\\OneDrive\\桌面\\fullstack project\\anime-hub\\server\\node_modules\\express\\lib\\router\\layer.js:95:5)\n' +
    '    at trim_prefix (C:\\Users\\duckp\\OneDrive\\桌面\\fullstack project\\anime-hub\\server\\node_modules\\express\\lib\\router\\index.js:328:13)\n' +
    '    at C:\\Users\\duckp\\OneDrive\\桌面\\fullstack project\\anime-hub\\server\\node_modules\\express\\lib\\router\\index.js:286:9\n' +
    '    at Function.process_params (C:\\Users\\duckp\\OneDrive\\桌面\\fullstack project\\anime-hub\\server\\node_modules\\express\\lib\\router\\index.js:346:12)\n' +
    '    at next (C:\\Users\\duckp\\OneDrive\\桌面\\fullstack project\\anime-hub\\server\\node_modules\\express\\lib\\router\\index.js:280:10)\n' +
    '    at Function.handle (C:\\Users\\duckp\\OneDrive\\桌面\\fullstack project\\anime-hub\\server\\node_modules\\express\\lib\\router\\index.js:175:3)\n' +
    '    at Function.handle (C:\\Users\\duckp\\OneDrive\\桌面\\fullstack project\\anime-hub\\server\\node_modules\\express\\lib\\application.js:181:10)\n' +
    '    at Server.app (C:\\Users\\duckp\\OneDrive\\桌面\\fullstack project\\anime-hub\\server\\node_modules\\express\\lib\\express.js:39:9)\n' +
    '    at Server.emit (node:events:518:28)\n' +
    '    at parserOnIncoming (node:_http_server:1143:12)\n' +
    '    at HTTPParser.parserOnHeadersComplete (node:_http_common:119:17)',
  timestamp: '2024-09-25T14:28:07.528Z'
}
{
  service: 'user-service',
  level: 'error',
  message: 'Test error Test error',
  stack: 'Error: Test error\n' +
    '    at C:\\Users\\duckp\\OneDrive\\桌面\\fullstack project\\anime-hub\\server\\src\\router\\tests.ts:5:9\n' +
    '    at newFn (C:\\Users\\duckp\\OneDrive\\桌面\\fullstack project\\anime-hub\\server\\node_modules\\express-async-errors\\index.js:16:20)\n' +
    '    at Layer.handle [as handle_request] (C:\\Users\\duckp\\OneDrive\\桌面\\fullstack project\\anime-hub\\server\\node_modules\\express\\lib\\router\\layer.js:95:5)\n' +
    '    at next (C:\\Users\\duckp\\OneDrive\\桌面\\fullstack project\\anime-hub\\server\\node_modules\\express\\lib\\router\\route.js:149:13)\n' +
    '    at Route.dispatch (C:\\Users\\duckp\\OneDrive\\桌面\\fullstack project\\anime-hub\\server\\node_modules\\express\\lib\\router\\route.js:119:3)\n' +
    '    at newFn (C:\\Users\\duckp\\OneDrive\\桌面\\fullstack project\\anime-hub\\server\\node_modules\\express-async-errors\\index.js:16:20)\n' +
    '    at Layer.handle [as handle_request] (C:\\Users\\duckp\\OneDrive\\桌面\\fullstack project\\anime-hub\\server\\node_modules\\express\\lib\\router\\layer.js:95:5)\n' +
    '    at C:\\Users\\duckp\\OneDrive\\桌面\\fullstack project\\anime-hub\\server\\node_modules\\express\\lib\\router\\index.js:284:15\n' +
    '    at Function.process_params (C:\\Users\\duckp\\OneDrive\\桌面\\fullstack project\\anime-hub\\server\\node_modules\\express\\lib\\router\\index.js:346:12)\n' +
    '    at next (C:\\Users\\duckp\\OneDrive\\桌面\\fullstack project\\anime-hub\\server\\node_modules\\express\\lib\\router\\index.js:280:10)\n' +
    '    at Function.handle (C:\\Users\\duckp\\OneDrive\\桌面\\fullstack project\\anime-hub\\server\\node_modules\\express\\lib\\router\\index.js:175:3)\n' +
    '    at router (C:\\Users\\duckp\\OneDrive\\桌面\\fullstack project\\anime-hub\\server\\node_modules\\express\\lib\\router\\index.js:47:12)\n' +
    '    at newFn (C:\\Users\\duckp\\OneDrive\\桌面\\fullstack project\\anime-hub\\server\\node_modules\\express-async-errors\\index.js:16:20)\n' +
    '    at Layer.handle [as handle_request] (C:\\Users\\duckp\\OneDrive\\桌面\\fullstack project\\anime-hub\\server\\node_modules\\express\\lib\\router\\layer.js:95:5)\n' +
    '    at trim_prefix (C:\\Users\\duckp\\OneDrive\\桌面\\fullstack project\\anime-hub\\server\\node_modules\\express\\lib\\router\\index.js:328:13)\n' +
    '    at C:\\Users\\duckp\\OneDrive\\桌面\\fullstack project\\anime-hub\\server\\node_modules\\express\\lib\\router\\index.js:286:9\n' +
    '    at Function.process_params (C:\\Users\\duckp\\OneDrive\\桌面\\fullstack project\\anime-hub\\server\\node_modules\\express\\lib\\router\\index.js:346:12)\n' +
    '    at next (C:\\Users\\duckp\\OneDrive\\桌面\\fullstack project\\anime-hub\\server\\node_modules\\express\\lib\\router\\index.js:280:10)\n' +
    '    at jsonParser (C:\\Users\\duckp\\OneDrive\\桌面\\fullstack project\\anime-hub\\server\\node_modules\\body-parser\\lib\\types\\json.js:113:7)\n' +
    '    at newFn (C:\\Users\\duckp\\OneDrive\\桌面\\fullstack project\\anime-hub\\server\\node_modules\\express-async-errors\\index.js:16:20)\n' +
    '    at Layer.handle [as handle_request] (C:\\Users\\duckp\\OneDrive\\桌面\\fullstack project\\anime-hub\\server\\node_modules\\express\\lib\\router\\layer.js:95:5)\n' +
    '    at trim_prefix (C:\\Users\\duckp\\OneDrive\\桌面\\fullstack project\\anime-hub\\server\\node_modules\\express\\lib\\router\\index.js:328:13)\n' +
    '    at C:\\Users\\duckp\\OneDrive\\桌面\\fullstack project\\anime-hub\\server\\node_modules\\express\\lib\\router\\index.js:286:9\n' +
    '    at Function.process_params (C:\\Users\\duckp\\OneDrive\\桌面\\fullstack project\\anime-hub\\server\\node_modules\\express\\lib\\router\\index.js:346:12)\n' +
    '    at next (C:\\Users\\duckp\\OneDrive\\桌面\\fullstack project\\anime-hub\\server\\node_modules\\express\\lib\\router\\index.js:280:10)\n' +
    '    at session (C:\\Users\\duckp\\OneDrive\\桌面\\fullstack project\\anime-hub\\server\\node_modules\\express-session\\index.js:487:7)\n' +
    '    at newFn (C:\\Users\\duckp\\OneDrive\\桌面\\fullstack project\\anime-hub\\server\\node_modules\\express-async-errors\\index.js:16:20)\n' +
    '    at Layer.handle [as handle_request] (C:\\Users\\duckp\\OneDrive\\桌面\\fullstack project\\anime-hub\\server\\node_modules\\express\\lib\\router\\layer.js:95:5)\n' +
    '    at trim_prefix (C:\\Users\\duckp\\OneDrive\\桌面\\fullstack project\\anime-hub\\server\\node_modules\\express\\lib\\router\\index.js:328:13)\n' +
    '    at C:\\Users\\duckp\\OneDrive\\桌面\\fullstack project\\anime-hub\\server\\node_modules\\express\\lib\\router\\index.js:286:9\n' +
    '    at Function.process_params (C:\\Users\\duckp\\OneDrive\\桌面\\fullstack project\\anime-hub\\server\\node_modules\\express\\lib\\router\\index.js:346:12)\n' +
    '    at next (C:\\Users\\duckp\\OneDrive\\桌面\\fullstack project\\anime-hub\\server\\node_modules\\express\\lib\\router\\index.js:280:10)\n' +
    '    at expressInit (C:\\Users\\duckp\\OneDrive\\桌面\\fullstack project\\anime-hub\\server\\node_modules\\express\\lib\\middleware\\init.js:40:5)\n' +
    '    at newFn (C:\\Users\\duckp\\OneDrive\\桌面\\fullstack project\\anime-hub\\server\\node_modules\\express-async-errors\\index.js:16:20)\n' +
    '    at Layer.handle [as handle_request] (C:\\Users\\duckp\\OneDrive\\桌面\\fullstack project\\anime-hub\\server\\node_modules\\express\\lib\\router\\layer.js:95:5)\n' +
    '    at trim_prefix (C:\\Users\\duckp\\OneDrive\\桌面\\fullstack project\\anime-hub\\server\\node_modules\\express\\lib\\router\\index.js:328:13)\n' +
    '    at C:\\Users\\duckp\\OneDrive\\桌面\\fullstack project\\anime-hub\\server\\node_modules\\express\\lib\\router\\index.js:286:9\n' +
    '    at Function.process_params (C:\\Users\\duckp\\OneDrive\\桌面\\fullstack project\\anime-hub\\server\\node_modules\\express\\lib\\router\\index.js:346:12)\n' +
    '    at next (C:\\Users\\duckp\\OneDrive\\桌面\\fullstack project\\anime-hub\\server\\node_modules\\express\\lib\\router\\index.js:280:10)\n' +
    '    at query (C:\\Users\\duckp\\OneDrive\\桌面\\fullstack project\\anime-hub\\server\\node_modules\\express\\lib\\middleware\\query.js:45:5)\n' +
    '    at newFn (C:\\Users\\duckp\\OneDrive\\桌面\\fullstack project\\anime-hub\\server\\node_modules\\express-async-errors\\index.js:16:20)\n' +
    '    at Layer.handle [as handle_request] (C:\\Users\\duckp\\OneDrive\\桌面\\fullstack project\\anime-hub\\server\\node_modules\\express\\lib\\router\\layer.js:95:5)\n' +
    '    at trim_prefix (C:\\Users\\duckp\\OneDrive\\桌面\\fullstack project\\anime-hub\\server\\node_modules\\express\\lib\\router\\index.js:328:13)\n' +
    '    at C:\\Users\\duckp\\OneDrive\\桌面\\fullstack project\\anime-hub\\server\\node_modules\\express\\lib\\router\\index.js:286:9\n' +
    '    at Function.process_params (C:\\Users\\duckp\\OneDrive\\桌面\\fullstack project\\anime-hub\\server\\node_modules\\express\\lib\\router\\index.js:346:12)\n' +
    '    at next (C:\\Users\\duckp\\OneDrive\\桌面\\fullstack project\\anime-hub\\server\\node_modules\\express\\lib\\router\\index.js:280:10)\n' +
    '    at Function.handle (C:\\Users\\duckp\\OneDrive\\桌面\\fullstack project\\anime-hub\\server\\node_modules\\express\\lib\\router\\index.js:175:3)\n' +
    '    at Function.handle (C:\\Users\\duckp\\OneDrive\\桌面\\fullstack project\\anime-hub\\server\\node_modules\\express\\lib\\application.js:181:10)\n' +
    '    at Server.app (C:\\Users\\duckp\\OneDrive\\桌面\\fullstack project\\anime-hub\\server\\node_modules\\express\\lib\\express.js:39:9)\n' +
    '    at Server.emit (node:events:518:28)\n' +
    '    at parserOnIncoming (node:_http_server:1143:12)\n' +
    '    at HTTPParser.parserOnHeadersComplete (node:_http_common:119:17)',
  timestamp: '2024-09-25T14:29:44.880Z'
}
{
  service: 'user-service',
  level: 'error',
  message: 'Test error Test error',
  stack: 'Error: Test error\n' +
    '    at C:\\Users\\duckp\\OneDrive\\桌面\\fullstack project\\anime-hub\\server\\src\\router\\tests.ts:5:9\n' +
    '    at newFn (C:\\Users\\duckp\\OneDrive\\桌面\\fullstack project\\anime-hub\\server\\node_modules\\express-async-errors\\index.js:16:20)\n' +
    '    at Layer.handle [as handle_request] (C:\\Users\\duckp\\OneDrive\\桌面\\fullstack project\\anime-hub\\server\\node_modules\\express\\lib\\router\\layer.js:95:5)\n' +
    '    at next (C:\\Users\\duckp\\OneDrive\\桌面\\fullstack project\\anime-hub\\server\\node_modules\\express\\lib\\router\\route.js:149:13)\n' +
    '    at Route.dispatch (C:\\Users\\duckp\\OneDrive\\桌面\\fullstack project\\anime-hub\\server\\node_modules\\express\\lib\\router\\route.js:119:3)\n' +
    '    at newFn (C:\\Users\\duckp\\OneDrive\\桌面\\fullstack project\\anime-hub\\server\\node_modules\\express-async-errors\\index.js:16:20)\n' +
    '    at Layer.handle [as handle_request] (C:\\Users\\duckp\\OneDrive\\桌面\\fullstack project\\anime-hub\\server\\node_modules\\express\\lib\\router\\layer.js:95:5)\n' +
    '    at C:\\Users\\duckp\\OneDrive\\桌面\\fullstack project\\anime-hub\\server\\node_modules\\express\\lib\\router\\index.js:284:15\n' +
    '    at Function.process_params (C:\\Users\\duckp\\OneDrive\\桌面\\fullstack project\\anime-hub\\server\\node_modules\\express\\lib\\router\\index.js:346:12)\n' +
    '    at next (C:\\Users\\duckp\\OneDrive\\桌面\\fullstack project\\anime-hub\\server\\node_modules\\express\\lib\\router\\index.js:280:10)\n' +
    '    at Function.handle (C:\\Users\\duckp\\OneDrive\\桌面\\fullstack project\\anime-hub\\server\\node_modules\\express\\lib\\router\\index.js:175:3)\n' +
    '    at router (C:\\Users\\duckp\\OneDrive\\桌面\\fullstack project\\anime-hub\\server\\node_modules\\express\\lib\\router\\index.js:47:12)\n' +
    '    at newFn (C:\\Users\\duckp\\OneDrive\\桌面\\fullstack project\\anime-hub\\server\\node_modules\\express-async-errors\\index.js:16:20)\n' +
    '    at Layer.handle [as handle_request] (C:\\Users\\duckp\\OneDrive\\桌面\\fullstack project\\anime-hub\\server\\node_modules\\express\\lib\\router\\layer.js:95:5)\n' +
    '    at trim_prefix (C:\\Users\\duckp\\OneDrive\\桌面\\fullstack project\\anime-hub\\server\\node_modules\\express\\lib\\router\\index.js:328:13)\n' +
    '    at C:\\Users\\duckp\\OneDrive\\桌面\\fullstack project\\anime-hub\\server\\node_modules\\express\\lib\\router\\index.js:286:9\n' +
    '    at Function.process_params (C:\\Users\\duckp\\OneDrive\\桌面\\fullstack project\\anime-hub\\server\\node_modules\\express\\lib\\router\\index.js:346:12)\n' +
    '    at next (C:\\Users\\duckp\\OneDrive\\桌面\\fullstack project\\anime-hub\\server\\node_modules\\express\\lib\\router\\index.js:280:10)\n' +
    '    at jsonParser (C:\\Users\\duckp\\OneDrive\\桌面\\fullstack project\\anime-hub\\server\\node_modules\\body-parser\\lib\\types\\json.js:113:7)\n' +
    '    at newFn (C:\\Users\\duckp\\OneDrive\\桌面\\fullstack project\\anime-hub\\server\\node_modules\\express-async-errors\\index.js:16:20)\n' +
    '    at Layer.handle [as handle_request] (C:\\Users\\duckp\\OneDrive\\桌面\\fullstack project\\anime-hub\\server\\node_modules\\express\\lib\\router\\layer.js:95:5)\n' +
    '    at trim_prefix (C:\\Users\\duckp\\OneDrive\\桌面\\fullstack project\\anime-hub\\server\\node_modules\\express\\lib\\router\\index.js:328:13)\n' +
    '    at C:\\Users\\duckp\\OneDrive\\桌面\\fullstack project\\anime-hub\\server\\node_modules\\express\\lib\\router\\index.js:286:9\n' +
    '    at Function.process_params (C:\\Users\\duckp\\OneDrive\\桌面\\fullstack project\\anime-hub\\server\\node_modules\\express\\lib\\router\\index.js:346:12)\n' +
    '    at next (C:\\Users\\duckp\\OneDrive\\桌面\\fullstack project\\anime-hub\\server\\node_modules\\express\\lib\\router\\index.js:280:10)\n' +
    '    at session (C:\\Users\\duckp\\OneDrive\\桌面\\fullstack project\\anime-hub\\server\\node_modules\\express-session\\index.js:487:7)\n' +
    '    at newFn (C:\\Users\\duckp\\OneDrive\\桌面\\fullstack project\\anime-hub\\server\\node_modules\\express-async-errors\\index.js:16:20)\n' +
    '    at Layer.handle [as handle_request] (C:\\Users\\duckp\\OneDrive\\桌面\\fullstack project\\anime-hub\\server\\node_modules\\express\\lib\\router\\layer.js:95:5)\n' +
    '    at trim_prefix (C:\\Users\\duckp\\OneDrive\\桌面\\fullstack project\\anime-hub\\server\\node_modules\\express\\lib\\router\\index.js:328:13)\n' +
    '    at C:\\Users\\duckp\\OneDrive\\桌面\\fullstack project\\anime-hub\\server\\node_modules\\express\\lib\\router\\index.js:286:9\n' +
    '    at Function.process_params (C:\\Users\\duckp\\OneDrive\\桌面\\fullstack project\\anime-hub\\server\\node_modules\\express\\lib\\router\\index.js:346:12)\n' +
    '    at next (C:\\Users\\duckp\\OneDrive\\桌面\\fullstack project\\anime-hub\\server\\node_modules\\express\\lib\\router\\index.js:280:10)\n' +
    '    at expressInit (C:\\Users\\duckp\\OneDrive\\桌面\\fullstack project\\anime-hub\\server\\node_modules\\express\\lib\\middleware\\init.js:40:5)\n' +
    '    at newFn (C:\\Users\\duckp\\OneDrive\\桌面\\fullstack project\\anime-hub\\server\\node_modules\\express-async-errors\\index.js:16:20)\n' +
    '    at Layer.handle [as handle_request] (C:\\Users\\duckp\\OneDrive\\桌面\\fullstack project\\anime-hub\\server\\node_modules\\express\\lib\\router\\layer.js:95:5)\n' +
    '    at trim_prefix (C:\\Users\\duckp\\OneDrive\\桌面\\fullstack project\\anime-hub\\server\\node_modules\\express\\lib\\router\\index.js:328:13)\n' +
    '    at C:\\Users\\duckp\\OneDrive\\桌面\\fullstack project\\anime-hub\\server\\node_modules\\express\\lib\\router\\index.js:286:9\n' +
    '    at Function.process_params (C:\\Users\\duckp\\OneDrive\\桌面\\fullstack project\\anime-hub\\server\\node_modules\\express\\lib\\router\\index.js:346:12)\n' +
    '    at next (C:\\Users\\duckp\\OneDrive\\桌面\\fullstack project\\anime-hub\\server\\node_modules\\express\\lib\\router\\index.js:280:10)\n' +
    '    at query (C:\\Users\\duckp\\OneDrive\\桌面\\fullstack project\\anime-hub\\server\\node_modules\\express\\lib\\middleware\\query.js:45:5)\n' +
    '    at newFn (C:\\Users\\duckp\\OneDrive\\桌面\\fullstack project\\anime-hub\\server\\node_modules\\express-async-errors\\index.js:16:20)\n' +
    '    at Layer.handle [as handle_request] (C:\\Users\\duckp\\OneDrive\\桌面\\fullstack project\\anime-hub\\server\\node_modules\\express\\lib\\router\\layer.js:95:5)\n' +
    '    at trim_prefix (C:\\Users\\duckp\\OneDrive\\桌面\\fullstack project\\anime-hub\\server\\node_modules\\express\\lib\\router\\index.js:328:13)\n' +
    '    at C:\\Users\\duckp\\OneDrive\\桌面\\fullstack project\\anime-hub\\server\\node_modules\\express\\lib\\router\\index.js:286:9\n' +
    '    at Function.process_params (C:\\Users\\duckp\\OneDrive\\桌面\\fullstack project\\anime-hub\\server\\node_modules\\express\\lib\\router\\index.js:346:12)\n' +
    '    at next (C:\\Users\\duckp\\OneDrive\\桌面\\fullstack project\\anime-hub\\server\\node_modules\\express\\lib\\router\\index.js:280:10)\n' +
    '    at Function.handle (C:\\Users\\duckp\\OneDrive\\桌面\\fullstack project\\anime-hub\\server\\node_modules\\express\\lib\\router\\index.js:175:3)\n' +
    '    at Function.handle (C:\\Users\\duckp\\OneDrive\\桌面\\fullstack project\\anime-hub\\server\\node_modules\\express\\lib\\application.js:181:10)\n' +
    '    at Server.app (C:\\Users\\duckp\\OneDrive\\桌面\\fullstack project\\anime-hub\\server\\node_modules\\express\\lib\\express.js:39:9)\n' +
    '    at Server.emit (node:events:518:28)\n' +
    '    at parserOnIncoming (node:_http_server:1143:12)\n' +
    '    at HTTPParser.parserOnHeadersComplete (node:_http_common:119:17)',
  timestamp: '2024-09-25T14:30:30.868Z'
}
